[time] ET today=2025-11-23, yesterday=2025-11-22
[player logs] season=2025-26, date=11/22/2025 (ET) ...
[player logs] Raw rows: 158
[player logs] Saving to /Users/jasonqiu/Documents/vscode/EE547/EE547_NBA_Project/data/player_logs_daily_20251122.csv
[upload] /Users/jasonqiu/Documents/vscode/EE547/EE547_NBA_Project/data/player_logs_daily_20251122.csv -> s3://ee547-nba-project/datasets/nba_project/raw/player_logs_daily_20251122.csv
[games-from-players] built 7 games
[games] Saving yesterday games to /Users/jasonqiu/Documents/vscode/EE547/EE547_NBA_Project/data/games_yesterday_20251122.csv
[upload] /Users/jasonqiu/Documents/vscode/EE547/EE547_NBA_Project/data/games_yesterday_20251122.csv -> s3://ee547-nba-project/datasets/nba_project/raw/games_yesterday_20251122.csv
[schedule] Fetching schedule for 11/23/2025 (ET) ...
[schedule] GameHeader rows=8
[schedule] Saving schedule for 2025-11-23 to /Users/jasonqiu/Documents/vscode/EE547/EE547_NBA_Project/data/schedule_20251123.csv
[upload] /Users/jasonqiu/Documents/vscode/EE547/EE547_NBA_Project/data/schedule_20251123.csv -> s3://ee547-nba-project/datasets/nba_project/raw/schedule_20251123.csv
[schedule] Fetching schedule for 11/24/2025 (ET) ...
[schedule] GameHeader rows=10
[schedule] Saving schedule for 2025-11-24 to /Users/jasonqiu/Documents/vscode/EE547/EE547_NBA_Project/data/schedule_20251124.csv
[upload] /Users/jasonqiu/Documents/vscode/EE547/EE547_NBA_Project/data/schedule_20251124.csv -> s3://ee547-nba-project/datasets/nba_project/raw/schedule_20251124.csv
[schedule] Fetching schedule for 11/25/2025 (ET) ...
[schedule] GameHeader rows=3
[schedule] Saving schedule for 2025-11-25 to /Users/jasonqiu/Documents/vscode/EE547/EE547_NBA_Project/data/schedule_20251125.csv
[upload] /Users/jasonqiu/Documents/vscode/EE547/EE547_NBA_Project/data/schedule_20251125.csv -> s3://ee547-nba-project/datasets/nba_project/raw/schedule_20251125.csv
[schedule] Fetching schedule for 11/26/2025 (ET) ...
[schedule] GameHeader rows=9
[schedule] Saving schedule for 2025-11-26 to /Users/jasonqiu/Documents/vscode/EE547/EE547_NBA_Project/data/schedule_20251126.csv
[upload] /Users/jasonqiu/Documents/vscode/EE547/EE547_NBA_Project/data/schedule_20251126.csv -> s3://ee547-nba-project/datasets/nba_project/raw/schedule_20251126.csv
[schedule] Fetching schedule for 11/27/2025 (ET) ...
[schedule] GameHeader rows=0
[schedule] Saving schedule for 2025-11-27 to /Users/jasonqiu/Documents/vscode/EE547/EE547_NBA_Project/data/schedule_20251127.csv
[upload] /Users/jasonqiu/Documents/vscode/EE547/EE547_NBA_Project/data/schedule_20251127.csv -> s3://ee547-nba-project/datasets/nba_project/raw/schedule_20251127.csv
Done daily crawl: player logs + yesterday games + next 5 days schedule (ET-based).
[time] ET today=2025-11-23, yesterday=2025-11-22
[player logs] season=2025-26, date=11/22/2025 (ET) ...
[player logs] Raw rows: 158
[player logs] Saving to /Users/jasonqiu/Documents/vscode/EE547/EE547_NBA_Project/data/player_logs_daily_20251122.csv
[upload] /Users/jasonqiu/Documents/vscode/EE547/EE547_NBA_Project/data/player_logs_daily_20251122.csv -> s3://ee547-nba-project/datasets/nba_project/raw/player_logs_daily_20251122.csv
[games-from-players] built 7 games
[games] Saving yesterday games to /Users/jasonqiu/Documents/vscode/EE547/EE547_NBA_Project/data/games_yesterday_20251122.csv
[upload] /Users/jasonqiu/Documents/vscode/EE547/EE547_NBA_Project/data/games_yesterday_20251122.csv -> s3://ee547-nba-project/datasets/nba_project/raw/games_yesterday_20251122.csv
[schedule] Fetching schedule for 11/23/2025 (ET) ...
[schedule] GameHeader rows=8
[schedule] Saving schedule for 2025-11-23 to /Users/jasonqiu/Documents/vscode/EE547/EE547_NBA_Project/data/schedule_20251123.csv
[upload] /Users/jasonqiu/Documents/vscode/EE547/EE547_NBA_Project/data/schedule_20251123.csv -> s3://ee547-nba-project/datasets/nba_project/raw/schedule_20251123.csv
[schedule] Fetching schedule for 11/24/2025 (ET) ...
[schedule] GameHeader rows=10
[schedule] Saving schedule for 2025-11-24 to /Users/jasonqiu/Documents/vscode/EE547/EE547_NBA_Project/data/schedule_20251124.csv
[upload] /Users/jasonqiu/Documents/vscode/EE547/EE547_NBA_Project/data/schedule_20251124.csv -> s3://ee547-nba-project/datasets/nba_project/raw/schedule_20251124.csv
[schedule] Fetching schedule for 11/25/2025 (ET) ...
[schedule] GameHeader rows=3
[schedule] Saving schedule for 2025-11-25 to /Users/jasonqiu/Documents/vscode/EE547/EE547_NBA_Project/data/schedule_20251125.csv
[upload] /Users/jasonqiu/Documents/vscode/EE547/EE547_NBA_Project/data/schedule_20251125.csv -> s3://ee547-nba-project/datasets/nba_project/raw/schedule_20251125.csv
[schedule] Fetching schedule for 11/26/2025 (ET) ...
[schedule] GameHeader rows=9
[schedule] Saving schedule for 2025-11-26 to /Users/jasonqiu/Documents/vscode/EE547/EE547_NBA_Project/data/schedule_20251126.csv
[upload] /Users/jasonqiu/Documents/vscode/EE547/EE547_NBA_Project/data/schedule_20251126.csv -> s3://ee547-nba-project/datasets/nba_project/raw/schedule_20251126.csv
[schedule] Fetching schedule for 11/27/2025 (ET) ...
[schedule] GameHeader rows=0
[schedule] Saving schedule for 2025-11-27 to /Users/jasonqiu/Documents/vscode/EE547/EE547_NBA_Project/data/schedule_20251127.csv
[upload] /Users/jasonqiu/Documents/vscode/EE547/EE547_NBA_Project/data/schedule_20251127.csv -> s3://ee547-nba-project/datasets/nba_project/raw/schedule_20251127.csv
Done daily crawl: player logs + yesterday games + next 5 days schedule (ET-based).
